<?xml version="1.0" encoding="UTF-8"?>
<!-- Generated by org.testng.reporters.JUnitReportReporter -->
<testsuite hostname="DDC2-L-63708BC" name="frames.NewTest" tests="1" failures="0" timestamp="11 Sep 2018 10:30:23 GMT" time="3.968" errors="0">
  <testcase name="javascript" time="3.968" classname="frames.NewTest"/>
</testsuite> <!-- frames.NewTest -->
