<?xml version="1.0" encoding="UTF-8"?>
<!-- Generated by org.testng.reporters.JUnitReportReporter -->
<testsuite hostname="DDC2-L-63708BC" name="com.action.demo.Browser_1" tests="1" failures="0" timestamp="12 Sep 2018 04:44:26 GMT" time="7.694" errors="0">
  <testcase name="f" time="7.694" classname="com.action.demo.Browser_1"/>
</testsuite> <!-- com.action.demo.Browser_1 -->
