<?xml version="1.0" encoding="UTF-8"?>
<!-- Generated by org.testng.reporters.JUnitReportReporter -->
<testsuite hostname="DDC2-L-63708BC" name="com.action.demo.NewTest" tests="1" failures="0" timestamp="13 Sep 2018 06:11:06 GMT" time="14.909" errors="0">
  <testcase name="test5" time="14.909" classname="com.action.demo.NewTest"/>
</testsuite> <!-- com.action.demo.NewTest -->
